<?xml version="1.0" encoding="UTF-8"?>
<testsuite xmlns:xsi="http://www.w3.org/2001/XMLSchema-instance" xsi:noNamespaceSchemaLocation="https://maven.apache.org/surefire/maven-surefire-plugin/xsd/surefire-test-report.xsd" version="3.0.2" name="com.demo.demo11.Demo11ApplicationTests" time="2.55" tests="1" errors="0" skipped="0" failures="0">
  <properties>
[...]
</properties>
  <testcase name="contextLoads" classname="com.demo.demo11.Demo11ApplicationTests" time="0.761">
    <system-out><![CDATA[10:55:47.590 [main] INFO org.springframework.test.context.support.AnnotationConfigContextLoaderUtils -- Could not detect default configuration classes for test class [com.demo.demo11.Demo11ApplicationTests]: Demo11ApplicationTests does not declare any static, non-private, non-final, nested classes annotated with @Configuration.
10:55:47.721 [main] INFO org.springframework.boot.test.context.SpringBootTestContextBootstrapper -- Found @SpringBootConfiguration com.demo.demo11.Demo11Application for test class com.demo.demo11.Demo11ApplicationTests

  .   ____          _            __ _ _
 /\\ / ___'_ __ _ _(_)_ __  __ _ \ \ \ \
( ( )\___ | '_ | '_| | '_ \/ _` | \ \ \ \
 \\/  ___)| |_)| | | | | || (_| |  ) ) ) )
  '  |____| .__|_| |_|_| |_\__, | / / / /
 =========|_|==============|___/=/_/_/_/

 :: Spring Boot ::                (v3.4.5)

2025-05-08T10:55:48.199-04:00  INFO 51071 --- [demo11] [           main] com.demo.demo11.Demo11ApplicationTests   : Starting Demo11ApplicationTests using Java 22.0.2 with PID 51071 (started by ankitabenoza in /Users/ankitabenoza/Desktop/coding/java/aws-cicd)
2025-05-08T10:55:48.201-04:00  INFO 51071 --- [demo11] [           main] com.demo.demo11.Demo11ApplicationTests   : No active profile set, falling back to 1 default profile: "default"
2025-05-08T10:55:49.194-04:00  INFO 51071 --- [demo11] [           main] com.demo.demo11.Demo11ApplicationTests   : Started Demo11ApplicationTests in 1.34 seconds (process running for 2.318)
]]></system-out>
    <system-err><![CDATA[Mockito is currently self-attaching to enable the inline-mock-maker. This will no longer work in future releases of the JDK. Please add Mockito as an agent to your build what is described in Mockito's documentation: https://javadoc.io/doc/org.mockito/mockito-core/latest/org/mockito/Mockito.html#0.3
WARNING: A Java agent has been loaded dynamically (/Users/ankitabenoza/.m2/repository/net/bytebuddy/byte-buddy-agent/1.15.11/byte-buddy-agent-1.15.11.jar)
WARNING: If a serviceability tool is in use, please run with -XX:+EnableDynamicAgentLoading to hide this warning
WARNING: If a serviceability tool is not in use, please run with -Djdk.instrument.traceUsage for more information
WARNING: Dynamic loading of agents will be disallowed by default in a future release
]]></system-err>
  </testcase>
</testsuite>